<?xml version="1.0" encoding="UTF-8"?>
<testng-results ignored="0" total="2" passed="2" failed="0" skipped="0">
  <reporter-output>
  </reporter-output>
  <suite started-at="2022-02-14T10:34:49 CST" name="Default suite" finished-at="2022-02-14T10:35:24 CST" duration-ms="34422">
    <groups>
      <group name="cucumber">
        <method signature="AbstractTestNGCucumberTests.runScenario(io.cucumber.testng.PickleWrapper, io.cucumber.testng.FeatureWrapper)[pri:0, instance:com.salesForce.runner.TestRunnerA@10959ece]" name="runScenario" class="io.cucumber.testng.AbstractTestNGCucumberTests"/>
      </group> <!-- cucumber -->
    </groups>
    <test started-at="2022-02-14T10:34:49 CST" name="Default test" finished-at="2022-02-14T10:35:24 CST" duration-ms="34422">
      <class name="com.salesForce.runner.TestRunnerA">
        <test-method is-config="true" signature="setUpClass(org.testng.ITestContext)[pri:0, instance:com.salesForce.runner.TestRunnerA@10959ece]" started-at="2022-02-14T10:34:50 CST" name="setUpClass" finished-at="2022-02-14T10:34:50 CST" duration-ms="412" status="PASS">
          <params>
            <param index="0">
              <value>
                <![CDATA[org.testng.TestRunner@37e0292a]]>
              </value>
            </param>
          </params>
          <reporter-output>
          </reporter-output>
        </test-method> <!-- setUpClass -->
        <test-method signature="runScenario(io.cucumber.testng.PickleWrapper, io.cucumber.testng.FeatureWrapper)[pri:0, instance:com.salesForce.runner.TestRunnerA@10959ece]" started-at="2022-02-14T10:34:50 CST" name="runScenario" description="Runs Cucumber Scenarios" data-provider="scenarios" finished-at="2022-02-14T10:35:04 CST" duration-ms="14438" status="PASS">
          <params>
            <param index="0">
              <value>
                <![CDATA["Login with valid username and password"]]>
              </value>
            </param>
            <param index="1">
              <value>
                <![CDATA["Optional[Login into SalesForce appliaction]"]]>
              </value>
            </param>
          </params>
          <reporter-output>
          </reporter-output>
        </test-method> <!-- runScenario -->
        <test-method signature="runScenario(io.cucumber.testng.PickleWrapper, io.cucumber.testng.FeatureWrapper)[pri:0, instance:com.salesForce.runner.TestRunnerA@10959ece]" started-at="2022-02-14T10:35:04 CST" name="runScenario" description="Runs Cucumber Scenarios" data-provider="scenarios" finished-at="2022-02-14T10:35:24 CST" duration-ms="19471" status="PASS">
          <params>
            <param index="0">
              <value>
                <![CDATA["Login with invalid username and password"]]>
              </value>
            </param>
            <param index="1">
              <value>
                <![CDATA["Optional[Login into SalesForce appliaction]"]]>
              </value>
            </param>
          </params>
          <reporter-output>
          </reporter-output>
        </test-method> <!-- runScenario -->
        <test-method is-config="true" signature="tearDownClass()[pri:0, instance:com.salesForce.runner.TestRunnerA@10959ece]" started-at="2022-02-14T10:35:24 CST" name="tearDownClass" finished-at="2022-02-14T10:35:24 CST" duration-ms="19" status="PASS">
          <reporter-output>
          </reporter-output>
        </test-method> <!-- tearDownClass -->
      </class> <!-- com.salesForce.runner.TestRunnerA -->
    </test> <!-- Default test -->
  </suite> <!-- Default suite -->
</testng-results>
